<?xml version="1.0" encoding="UTF-8"?>
<!-- Generated by org.testng.reporters.JUnitXMLReporter -->
<testsuite hostname="nagendra-ThinkPad-X220" name="Default test(failed)" tests="1" failures="1" timestamp="27 Jun 2018 12:53:39 GMT" time="8.066" errors="0">
  <testcase name="test" time="7.026" classname="com.example.example1.ExampleTest">
    <failure type="java.lang.AssertionError" message="expected [true] but found [false]">
      <![CDATA[java.lang.AssertionError: expected [true] but found [false]
	at com.example.example1.ExampleTest.test(ExampleTest.java:49)
... Removed 28 stack frames]]>
    </failure>
  </testcase> <!-- test -->
</testsuite> <!-- Default test(failed) -->
